0;0;0;0;0;0;0
1024;1024;1024;1024;1024;1024;1024
2029;2011;1970;1878;1660;1115;-141
1990;1937;1810;1530;895;-379;-1244
1949;1863;1644;1173;199;-1033;204
1907;1790;1475;821;-353;-915;262
1864;1718;1305;486;-722;-422;-84
1820;1646;1135;178;-904;49;-49
1775;1575;966;-96;-922;288;26
1729;1505;800;-331;-813;287;7
1682;1436;638;-523;-622;152;-7
1634;1368;481;-671;-395;6;0
1585;1301;331;-776;-172;-78;2
1535;1236;189;-840;19;-89;0
1485;1172;55;-866;161;-53;0
1435;1109;-71;-858;246;-8;0
1384;1047;-188;-821;277;21;0
1332;986;-295;-760;264;28;0
1280;926;-392;-680;219;18;0
1228;867;-479;-587;156;4;0
1176;810;-556;-486;88;-5;0
1124;754;-623;-381;25;-8;0
1071;699;-680;-276;-26;-6;0
1017;645;-727;-175;-61;-2;0
963;592;-765;-81;-79;1;0
909;541;-794;3;-82;2;0
856;491;-814;76;-73;2;0
804;442;-826;137;-57;1;0
752;395;-830;185;-38;0;0
700;349;-826;220;-18;0;0
648;304;-815;242;0;0;0
596;261;-798;253;13;0;0
544;219;-775;254;21;0;0
492;178;-746;246;24;0;0
441;138;-712;231;23;0;0
391;99;-674;210;20;0;0
341;62;-633;184;15;0;0
291;26;-590;155;9;0;0
242;-9;-545;124;3;0;0
194;-42;-498;92;-2;0;0
146;-74;-449;61;-5;0;0
99;-105;-399;32;-7;0;0
53;-135;-349;6;-8;0;0
7;-164;-300;-16;-7;0;0
-38;-191;-252;-35;-5;0;0
-82;-217;-205;-51;-3;0;0
-125;-242;-159;-63;-1;0;0
-167;-266;-114;-71;0;0;0
-208;-289;-71;-75;0;0;0
-248;-311;-31;-76;0;0;0
-287;-332;6;-74;0;0;0
-325;-352;41;-69;0;0;0
-362;-371;73;-63;0;0;0
-398;-389;102;-56;0;0;0
-433;-406;129;-48;0;0;0
-467;-422;153;-39;0;0;0
-500;-437;174;-29;0;0;0
-532;-451;192;-20;0;0;0
-563;-464;207;-12;0;0;0
-593;-476;219;-4;0;0;0
-622;-487;228;3;0;0;0
-650;-497;235;9;0;0;0
-677;-506;240;14;0;0;0
-702;-514;242;18;0;0;0
-726;-522;241;21;0;0;0
-749;-529;238;22;0;0;0
-771;-535;233;22;0;0;0
-792;-541;227;22;0;0;0
-812;-546;220;21;0;0;0
-831;-550;211;19;0;0;0
-848;-553;201;17;0;0;0
-864;-555;190;15;0;0;0
-879;-557;178;13;0;0;0
-893;-559;165;10;0;0;0
-906;-560;151;7;0;0;0
-918;-560;137;5;0;0;0
-929;-560;123;3;0;0;0
-939;-559;109;1;0;0;0
-948;-557;95;-1;0;0;0
-955;-555;81;-3;0;0;0
-961;-553;67;-5;0;0;0
-966;-550;53;-6;0;0;0
-970;-546;39;-6;0;0;0
-973;-542;26;-6;0;0;0
-975;-538;14;-6;0;0;0
-976;-534;2;-6;0;0;0
-976;-530;-9;-6;0;0;0
-975;-525;-19;-6;0;0;0
-973;-519;-28;-6;0;0;0
-971;-513;-36;-6;0;0;0
-968;-507;-43;-6;0;0;0
-964;-501;-49;-5;0;0;0
-959;-495;-55;-3;0;0;0
-953;-488;-60;-2;0;0;0
-946;-480;-64;-2;0;0;0
-938;-472;-67;-2;0;0;0
-930;-464;-69;-1;0;0;0
-921;-456;-71;0;0;0;0
-911;-448;-72;0;0;0;0
-901;-440;-72;0;0;0;0
-890;-432;-72;0;0;0;0
-878;-424;-71;0;0;0;0
-866;-416;-69;0;0;0;0
-853;-408;-67;0;0;0;0
-839;-400;-65;0;0;0;0
-825;-392;-62;0;0;0;0
-810;-384;-58;0;0;0;0
-794;-375;-54;0;0;0;0
-778;-365;-50;0;0;0;0
-762;-355;-46;0;0;0;0
-745;-345;-42;0;0;0;0
-727;-336;-38;0;0;0;0
-709;-327;-34;0;0;0;0
-691;-318;-30;0;0;0;0
-673;-309;-26;0;0;0;0
-655;-300;-22;0;0;0;0
-636;-292;-18;0;0;0;0
-616;-284;-14;0;0;0;0
-596;-276;-10;0;0;0;0
-576;-268;-6;0;0;0;0
-556;-260;-2;0;0;0;0
-536;-252;2;0;0;0;0
-516;-244;5;0;0;0;0
-496;-236;7;0;0;0;0
-476;-228;9;0;0;0;0
-456;-220;11;0;0;0;0
-435;-212;13;0;0;0;0
-413;-204;15;0;0;0;0
-391;-196;17;0;0;0;0
-369;-188;19;0;0;0;0
-348;-180;20;0;0;0;0
-328;-172;20;0;0;0;0
-308;-164;20;0;0;0;0
-288;-156;20;0;0;0;0
-268;-148;20;0;0;0;0
-248;-140;20;0;0;0;0
-228;-132;20;0;0;0;0
-208;-124;20;0;0;0;0
-188;-116;20;0;0;0;0
-168;-108;20;0;0;0;0
-148;-101;20;0;0;0;0
-128;-95;20;0;0;0;0
-108;-89;19;0;0;0;0
-88;-83;17;0;0;0;0
-69;-77;15;0;0;0;0
-51;-71;13;0;0;0;0
-33;-65;11;0;0;0;0
-15;-59;9;0;0;0;0
3;-53;7;0;0;0;0
21;-47;6;0;0;0;0
39;-41;6;0;0;0;0
56;-35;5;0;0;0;0
72;-29;4;0;0;0;0
88;-24;4;0;0;0;0
104;-20;3;0;0;0;0
120;-16;2;0;0;0;0
135;-12;2;0;0;0;0
149;-8;2;0;0;0;0
163;-4;2;0;0;0;0
177;0;2;0;0;0;0
191;4;2;0;0;0;0
204;8;2;0;0;0;0
216;12;1;0;0;0;0
228;16;0;0;0;0;0
240;20;0;0;0;0;0
252;24;0;0;0;0;0
263;28;0;0;0;0;0
273;31;0;0;0;0;0
283;33;0;0;0;0;0
293;35;0;0;0;0;0
302;37;0;0;0;0;0
310;39;0;0;0;0;0
318;41;0;0;0;0;0
326;43;0;0;0;0;0
333;45;0;0;0;0;0
339;47;0;0;0;0;0
345;49;0;0;0;0;0
351;51;0;0;0;0;0
357;53;0;0;0;0;0
362;55;0;0;0;0;0
366;57;0;0;0;0;0
370;59;0;0;0;0;0
374;61;0;0;0;0;0
378;62;0;0;0;0;0
381;62;0;0;0;0;0
383;62;0;0;0;0;0
385;62;0;0;0;0;0
387;62;0;0;0;0;0
388;62;0;0;0;0;0
