 10 +3 1024 1024 1024 1024 1024 1024 1024 
 30 +3 2029 2011 1970 1878 1660 1115 -141 
 50 +3 1990 1937 1810 1530 895 -379 -1244 
 70 +3 1949 1863 1644 1173 199 -1033 204 
 90 +3 1907 1790 1475 821 -353 -915 262 
 110 +3 1864 1718 1305 486 -722 -422 -84 
 130 +3 1820 1646 1135 178 -904 49 -49 
 150 +3 1775 1575 966 -96 -922 288 26 
 170 +3 1729 1505 800 -331 -813 287 7 
 190 +3 1682 1436 638 -523 -622 152 -7 
 210 +3 1634 1368 481 -671 -395 6 0 
 230 +3 1585 1301 331 -776 -172 -78 2 
 250 +3 1535 1236 189 -840 19 -89 0 
 270 +3 1485 1172 55 -866 161 -53 0 
 290 +3 1435 1109 -71 -858 246 -8 0 
 310 +3 1384 1047 -188 -821 277 21 0 
 330 +3 1332 986 -295 -760 264 28 0 
 350 +3 1280 926 -392 -680 219 18 0 
 370 +3 1228 867 -479 -587 156 4 0 
 390 +3 1176 810 -556 -486 88 -5 0 
 410 +3 1124 754 -623 -381 25 -8 0 
 430 +3 1071 699 -680 -276 -26 -6 0 
 450 +3 1017 645 -727 -175 -61 -2 0 
 470 +3 963 592 -765 -81 -79 1 0 
 490 +3 909 541 -794 3 -82 2 0 
 510 +3 856 491 -814 76 -73 2 0 
 530 +3 804 442 -826 137 -57 1 0 
 550 +3 752 395 -830 185 -38 0 0 
 570 +3 700 349 -826 220 -18 0 0 
 590 +3 648 304 -815 242 0 0 0 
 610 +3 596 261 -798 253 13 0 0 
 630 +3 544 219 -775 254 21 0 0 
 650 +3 492 178 -746 246 24 0 0 
 670 +3 441 138 -712 231 23 0 0 
 690 +3 391 99 -674 210 20 0 0 
 710 +3 341 62 -633 184 15 0 0 
 730 +3 291 26 -590 155 9 0 0 
 750 +3 242 -9 -545 124 3 0 0 
 770 +3 194 -42 -498 92 -2 0 0 
 790 +3 146 -74 -449 61 -5 0 0 
 810 +3 99 -105 -399 32 -7 0 0 
 830 +3 53 -135 -349 6 -8 0 0 
 850 +3 7 -164 -300 -16 -7 0 0 
 870 +3 -38 -191 -252 -35 -5 0 0 
 890 +3 -82 -217 -205 -51 -3 0 0 
 910 +3 -125 -242 -159 -63 -1 0 0 
 930 +3 -167 -266 -114 -71 0 0 0 
 950 +3 -208 -289 -71 -75 0 0 0 
 970 +3 -248 -311 -31 -76 0 0 0 
 990 +3 -287 -332 6 -74 0 0 0 
 1010 +3 -325 -352 41 -69 0 0 0 
 1030 +3 -362 -371 73 -63 0 0 0 
 1050 +3 -398 -389 102 -56 0 0 0 
 1070 +3 -433 -406 129 -48 0 0 0 
 1090 +3 -467 -422 153 -39 0 0 0 
 1110 +3 -500 -437 174 -29 0 0 0 
 1130 +3 -532 -451 192 -20 0 0 0 
 1150 +3 -563 -464 207 -12 0 0 0 
 1170 +3 -593 -476 219 -4 0 0 0 
 1190 +3 -622 -487 228 3 0 0 0 
 1210 +3 -650 -497 235 9 0 0 0 
 1230 +3 -677 -506 240 14 0 0 0 
 1250 +3 -702 -514 242 18 0 0 0 
 1270 +3 -726 -522 241 21 0 0 0 
 1290 +3 -749 -529 238 22 0 0 0 
 1310 +3 -771 -535 233 22 0 0 0 
 1330 +3 -792 -541 227 22 0 0 0 
 1350 +3 -812 -546 220 21 0 0 0 
 1370 +3 -831 -550 211 19 0 0 0 
 1390 +3 -848 -553 201 17 0 0 0 
 1410 +3 -864 -555 190 15 0 0 0 
 1430 +3 -879 -557 178 13 0 0 0 
 1450 +3 -893 -559 165 10 0 0 0 
 1470 +3 -906 -560 151 7 0 0 0 
 1490 +3 -918 -560 137 5 0 0 0 
 1510 +3 -929 -560 123 3 0 0 0 
 1530 +3 -939 -559 109 1 0 0 0 
 1550 +3 -948 -557 95 -1 0 0 0 
 1570 +3 -955 -555 81 -3 0 0 0 
 1590 +3 -961 -553 67 -5 0 0 0 
 1610 +3 -966 -550 53 -6 0 0 0 
 1630 +3 -970 -546 39 -6 0 0 0 
 1650 +3 -973 -542 26 -6 0 0 0 
 1670 +3 -975 -538 14 -6 0 0 0 
 1690 +3 -976 -534 2 -6 0 0 0 
 1710 +3 -976 -530 -9 -6 0 0 0 
 1730 +3 -975 -525 -19 -6 0 0 0 
 1750 +3 -973 -519 -28 -6 0 0 0 
 1770 +3 -971 -513 -36 -6 0 0 0 
 1790 +3 -968 -507 -43 -6 0 0 0 
 1810 +3 -964 -501 -49 -5 0 0 0 
 1830 +3 -959 -495 -55 -3 0 0 0 
 1850 +3 -953 -488 -60 -2 0 0 0 
 1870 +3 -946 -480 -64 -2 0 0 0 
 1890 +3 -938 -472 -67 -2 0 0 0 
 1910 +3 -930 -464 -69 -1 0 0 0 
 1930 +3 -921 -456 -71 0 0 0 0 
 1950 +3 -911 -448 -72 0 0 0 0 
 1970 +3 -901 -440 -72 0 0 0 0 
 1990 +3 -890 -432 -72 0 0 0 0 
 2010 +3 -878 -424 -71 0 0 0 0 
 2030 +3 -866 -416 -69 0 0 0 0 
 2050 +3 -853 -408 -67 0 0 0 0 
 2070 +3 -839 -400 -65 0 0 0 0 
 2090 +3 -825 -392 -62 0 0 0 0 
 2110 +3 -810 -384 -58 0 0 0 0 
 2130 +3 -794 -375 -54 0 0 0 0 
 2150 +3 -778 -365 -50 0 0 0 0 
 2170 +3 -762 -355 -46 0 0 0 0 
 2190 +3 -745 -345 -42 0 0 0 0 
 2210 +3 -727 -336 -38 0 0 0 0 
 2230 +3 -709 -327 -34 0 0 0 0 
 2250 +3 -691 -318 -30 0 0 0 0 
 2270 +3 -673 -309 -26 0 0 0 0 
 2290 +3 -655 -300 -22 0 0 0 0 
 2310 +3 -636 -292 -18 0 0 0 0 
 2330 +3 -616 -284 -14 0 0 0 0 
 2350 +3 -596 -276 -10 0 0 0 0 
 2370 +3 -576 -268 -6 0 0 0 0 
 2390 +3 -556 -260 -2 0 0 0 0 
 2410 +3 -536 -252 2 0 0 0 0 
 2430 +3 -516 -244 5 0 0 0 0 
 2450 +3 -496 -236 7 0 0 0 0 
 2470 +3 -476 -228 9 0 0 0 0 
 2490 +3 -456 -220 11 0 0 0 0 
 2510 +3 -435 -212 13 0 0 0 0 
 2530 +3 -413 -204 15 0 0 0 0 
 2550 +3 -391 -196 17 0 0 0 0 
 2570 +3 -369 -188 19 0 0 0 0 
 2590 +3 -348 -180 20 0 0 0 0 
 2610 +3 -328 -172 20 0 0 0 0 
 2630 +3 -308 -164 20 0 0 0 0 
 2650 +3 -288 -156 20 0 0 0 0 
 2670 +3 -268 -148 20 0 0 0 0 
 2690 +3 -248 -140 20 0 0 0 0 
 2710 +3 -228 -132 20 0 0 0 0 
 2730 +3 -208 -124 20 0 0 0 0 
 2750 +3 -188 -116 20 0 0 0 0 
 2770 +3 -168 -108 20 0 0 0 0 
 2790 +3 -148 -101 20 0 0 0 0 
 2810 +3 -128 -95 20 0 0 0 0 
 2830 +3 -108 -89 19 0 0 0 0 
 2850 +3 -88 -83 17 0 0 0 0 
 2870 +3 -69 -77 15 0 0 0 0 
 2890 +3 -51 -71 13 0 0 0 0 
 2910 +3 -33 -65 11 0 0 0 0 
 2930 +3 -15 -59 9 0 0 0 0 
 2950 +3 3 -53 7 0 0 0 0 
 2970 +3 21 -47 6 0 0 0 0 
 2990 +3 39 -41 6 0 0 0 0 
 3010 +3 56 -35 5 0 0 0 0 
 3030 +3 72 -29 4 0 0 0 0 
 3050 +3 88 -24 4 0 0 0 0 
 3070 +3 104 -20 3 0 0 0 0 
 3090 +3 120 -16 2 0 0 0 0 
 3110 +3 135 -12 2 0 0 0 0 
 3130 +3 149 -8 2 0 0 0 0 
 3150 +3 163 -4 2 0 0 0 0 
 3170 +3 177 0 2 0 0 0 0 
 3190 +3 191 4 2 0 0 0 0 
 3210 +3 204 8 2 0 0 0 0 
 3230 +3 216 12 1 0 0 0 0 
 3250 +3 228 16 0 0 0 0 0 
 3270 +3 240 20 0 0 0 0 0 
 3290 +3 252 24 0 0 0 0 0 
 3310 +3 263 28 0 0 0 0 0 
 3330 +3 273 31 0 0 0 0 0 
 3350 +3 283 33 0 0 0 0 0 
 3370 +3 293 35 0 0 0 0 0 
 3390 +3 302 37 0 0 0 0 0 
 3410 +3 310 39 0 0 0 0 0 
 3430 +3 318 41 0 0 0 0 0 
 3450 +3 326 43 0 0 0 0 0 
 3470 +3 333 45 0 0 0 0 0 
 3490 +3 339 47 0 0 0 0 0 
 3510 +3 345 49 0 0 0 0 0 
 3530 +3 351 51 0 0 0 0 0 
 3550 +3 357 53 0 0 0 0 0 
 3570 +3 362 55 0 0 0 0 0 
 3590 +3 366 57 0 0 0 0 0 
