0 0 0 0 0 0 0 
1024 1024 1024 1024 1024 1024 1024 
2029 2011 1970 1878 1660 1115 -141 
1990 1937 1810 1530 895 -379 -1244 
1949 1863 1644 1173 199 -1033 204 
1907 1790 1475 821 -353 -915 262 
1864 1718 1305 486 -722 -422 -84 
1820 1646 1135 178 -904 49 -49 
1775 1575 966 -96 -922 288 26 
1729 1505 800 -331 -813 287 7 
1682 1436 638 -523 -622 152 -7 
1634 1368 481 -671 -395 6 0 
1585 1301 331 -776 -172 -78 2 
1535 1236 189 -840 19 -89 0 
1485 1172 55 -866 161 -53 0 
1435 1109 -71 -858 246 -8 0 
1384 1047 -188 -821 277 21 0 
1332 986 -295 -760 264 28 0 
1280 926 -392 -680 219 18 0 
1228 867 -479 -587 156 4 0 
1176 810 -556 -486 88 -5 0 
