0010000000000000 0100010000000000 0000010000000000 0000010000000000 0000010000000000 0000010000000000 0000010000000000 
0011111101101000 1000010110001011 0000011110110010 0000011101010110 0000011001111100 0000010001011011 1111111101110011 
0011111000110000 1000000010100001 0000011100010010 0000010111111010 0000001101111111 1111111010000101 1111101100100100 
0011110011101000 0111101110110111 0000011001101100 0000010010010101 0000000011000111 1111101111110111 0000000011001100 
0011101110011000 0111011011011110 0000010111000011 0000001100110101 1111111010011111 1111110001101101 0000000100000110 
0011101001000000 0111001000010110 0000010100011001 0000000111100110 1111110100101110 1111111001011010 1111111110101100 
0011100011100000 0110110101001110 0000010001101111 0000000010110010 1111110001111000 0000000000110001 1111111111001111 
0011011101111000 0110100010010111 0000001111000110 1111111110100000 1111110001100110 0000000100100000 0000000000011010 
0011011000001000 0110001111110001 0000001100100000 1111111010110101 1111110011010011 0000000100011111 0000000000000111 
0011010010010000 0101111101011100 0000001001111110 1111110111110101 1111110110010010 0000000010011000 1111111111111001 
0011001100010000 0101101011011000 0000000111100001 1111110101100001 1111111001110101 0000000000000110 0000000000000000 
0011000110001000 0101011001100101 0000000101001011 1111110011111000 1111111101010100 1111111110110010 0000000000000010 
0010111111111000 0101001000010100 0000000010111101 1111110010111000 0000000000010011 1111111110100111 0000000000000000 
0010111001101000 0100110111010100 0000000000110111 1111110010011110 0000000010100001 1111111111001011 0000000000000000 
0010110011011000 0100100110100101 1111111110111001 1111110010100110 0000000011110110 1111111111111000 0000000000000000 
0010101101000000 0100010110000111 1111111101000100 1111110011001011 0000000100010101 0000000000010101 0000000000000000 
0010100110100000 0100000101111010 1111111011011001 1111110100001000 0000000100001000 0000000000011100 0000000000000000 
0010100000000000 0011110101111110 1111111001111000 1111110101011000 0000000011011011 0000000000010010 0000000000000000 
0010011001100000 0011100110010011 1111111000100001 1111110110110101 0000000010011100 0000000000000100 0000000000000000 
0010010011000000 0011010111001010 1111110111010100 1111111000011010 0000000001011000 1111111111111011 0000000000000000 
